thresh_change_proxy      = 10
thresh_change_proxy_list = 50
out_file_name            = /home/coslate/NBA_Win_Predictor/crawler/nba_latest.csv
indexing_to_csv          = False
team                     = GSW
season                   = 2018-19
scrape_all_season        = 1
> Initialization...
> GetProxyList...
user_agent = Mozilla/5.0 (Windows NT 6.1) AppleWebKit/537.36 (KHTML, like Gecko) Chrome/27.0.1453.90 Safari/537.36
-----------------------
PROXY, ip_address   = 95.165.163.229
PROXY, ip_port      = 39362
PROXY, anonymity    = elite proxy
PROXY, ip_country   = Russian Federation
PROXY, ip_region    = RU
-----------------------
PROXY, ip_address   = 184.149.34.86
PROXY, ip_port      = 44175
PROXY, anonymity    = elite proxy
PROXY, ip_country   = Canada
PROXY, ip_region    = CA
-----------------------
PROXY, ip_address   = 176.213.137.18
PROXY, ip_port      = 60506
PROXY, anonymity    = elite proxy
PROXY, ip_country   = Russian Federation
PROXY, ip_region    = RU
-----------------------
PROXY, ip_address   = 182.52.90.74
PROXY, ip_port      = 56472
PROXY, anonymity    = elite proxy
PROXY, ip_country   = Thailand
PROXY, ip_region    = TH
-----------------------
PROXY, ip_address   = 124.41.211.32
PROXY, ip_port      = 40063
PROXY, anonymity    = elite proxy
PROXY, ip_country   = Nepal
PROXY, ip_region    = NP
-----------------------
PROXY, ip_address   = 62.209.198.92
PROXY, ip_port      = 56645
PROXY, anonymity    = elite proxy
PROXY, ip_country   = Czech Republic
PROXY, ip_region    = CZ
-----------------------
PROXY, ip_address   = 89.109.54.137
PROXY, ip_port      = 36469
PROXY, anonymity    = elite proxy
PROXY, ip_country   = Russian Federation
PROXY, ip_region    = RU
-----------------------
PROXY, ip_address   = 5.129.61.30
PROXY, ip_port      = 40568
PROXY, anonymity    = elite proxy
PROXY, ip_country   = Russian Federation
PROXY, ip_region    = RU
-----------------------
PROXY, ip_address   = 81.198.119.241
PROXY, ip_port      = 58752
PROXY, anonymity    = elite proxy
PROXY, ip_country   = Latvia
PROXY, ip_region    = LV
-----------------------
PROXY, ip_address   = 1.20.100.207
PROXY, ip_port      = 39751
PROXY, anonymity    = elite proxy
PROXY, ip_country   = Thailand
PROXY, ip_region    = TH
-----------------------
PROXY, ip_address   = 194.54.87.172
PROXY, ip_port      = 60624
PROXY, anonymity    = elite proxy
PROXY, ip_country   = Poland
PROXY, ip_region    = PL
-----------------------
PROXY, ip_address   = 107.85.192.198
PROXY, ip_port      = 48629
PROXY, anonymity    = elite proxy
PROXY, ip_country   = United States
PROXY, ip_region    = US
-----------------------
PROXY, ip_address   = 190.113.225.250
PROXY, ip_port      = 47706
PROXY, anonymity    = elite proxy
PROXY, ip_country   = Argentina
PROXY, ip_region    = AR
-----------------------
PROXY, ip_address   = 189.126.76.216
PROXY, ip_port      = 34836
PROXY, anonymity    = elite proxy
PROXY, ip_country   = Brazil
PROXY, ip_region    = BR
-----------------------
PROXY, ip_address   = 182.253.217.108
PROXY, ip_port      = 53281
PROXY, anonymity    = elite proxy
PROXY, ip_country   = Indonesia
PROXY, ip_region    = ID
-----------------------
PROXY, ip_address   = 222.124.113.43
PROXY, ip_port      = 53281
PROXY, anonymity    = elite proxy
PROXY, ip_country   = Indonesia
PROXY, ip_region    = ID
-----------------------
PROXY, ip_address   = 118.172.201.80
PROXY, ip_port      = 56686
PROXY, anonymity    = elite proxy
PROXY, ip_country   = Thailand
PROXY, ip_region    = TH
-----------------------
PROXY, ip_address   = 5.58.152.226
PROXY, ip_port      = 60583
PROXY, anonymity    = elite proxy
PROXY, ip_country   = Ukraine
PROXY, ip_region    = UA
-----------------------
PROXY, ip_address   = 178.150.139.126
PROXY, ip_port      = 37347
PROXY, anonymity    = elite proxy
PROXY, ip_country   = Ukraine
PROXY, ip_region    = UA
-----------------------
PROXY, ip_address   = 182.253.200.210
PROXY, ip_port      = 32019
PROXY, anonymity    = elite proxy
PROXY, ip_country   = Indonesia
PROXY, ip_region    = ID
-----------------------
PROXY, ip_address   = 185.128.37.2
PROXY, ip_port      = 8080
PROXY, anonymity    = elite proxy
PROXY, ip_country   = Iraq
PROXY, ip_region    = IQ
-----------------------
PROXY, ip_address   = 186.43.32.76
PROXY, ip_port      = 3128
PROXY, anonymity    = elite proxy
PROXY, ip_country   = Colombia
PROXY, ip_region    = CO
-----------------------
PROXY, ip_address   = 190.152.37.106
PROXY, ip_port      = 53001
PROXY, anonymity    = elite proxy
PROXY, ip_country   = Ecuador
PROXY, ip_region    = EC
-----------------------
PROXY, ip_address   = 150.242.35.247
PROXY, ip_port      = 53281
PROXY, anonymity    = elite proxy
PROXY, ip_country   = Australia
PROXY, ip_region    = AU
-----------------------
PROXY, ip_address   = 1.2.169.44
PROXY, ip_port      = 48545
PROXY, anonymity    = elite proxy
PROXY, ip_country   = Thailand
PROXY, ip_region    = TH
-----------------------
PROXY, ip_address   = 212.73.77.200
PROXY, ip_port      = 41302
PROXY, anonymity    = elite proxy
PROXY, ip_country   = Armenia
PROXY, ip_region    = AM
-----------------------
PROXY, ip_address   = 1.10.187.208
PROXY, ip_port      = 43736
PROXY, anonymity    = elite proxy
PROXY, ip_country   = Thailand
PROXY, ip_region    = TH
-----------------------
PROXY, ip_address   = 203.190.53.82
PROXY, ip_port      = 40721
PROXY, anonymity    = elite proxy
PROXY, ip_country   = Indonesia
PROXY, ip_region    = ID
-----------------------
PROXY, ip_address   = 83.169.208.183
PROXY, ip_port      = 33654
PROXY, anonymity    = elite proxy
PROXY, ip_country   = Russian Federation
PROXY, ip_region    = RU
-----------------------
PROXY, ip_address   = 188.244.189.11
PROXY, ip_port      = 55293
PROXY, anonymity    = elite proxy
PROXY, ip_country   = Russian Federation
PROXY, ip_region    = RU
-----------------------
PROXY, ip_address   = 118.174.234.55
PROXY, ip_port      = 60770
PROXY, anonymity    = elite proxy
PROXY, ip_country   = Thailand
PROXY, ip_region    = TH
-----------------------
PROXY, ip_address   = 185.195.47.187
PROXY, ip_port      = 53996
PROXY, anonymity    = elite proxy
PROXY, ip_country   = Spain
PROXY, ip_region    = ES
-----------------------
PROXY, ip_address   = 190.90.140.33
PROXY, ip_port      = 48464
PROXY, anonymity    = elite proxy
PROXY, ip_country   = Colombia
PROXY, ip_region    = CO
-----------------------
PROXY, ip_address   = 1.10.189.119
PROXY, ip_port      = 38319
PROXY, anonymity    = elite proxy
PROXY, ip_country   = Thailand
PROXY, ip_region    = TH
-----------------------
PROXY, ip_address   = 155.0.181.254
PROXY, ip_port      = 38720
PROXY, anonymity    = elite proxy
PROXY, ip_country   = Zambia
PROXY, ip_region    = ZM
-----------------------
PROXY, ip_address   = 1.20.100.130
PROXY, ip_port      = 44302
PROXY, anonymity    = elite proxy
PROXY, ip_country   = Thailand
PROXY, ip_region    = TH
-----------------------
PROXY, ip_address   = 118.172.211.183
PROXY, ip_port      = 57183
PROXY, anonymity    = elite proxy
PROXY, ip_country   = Thailand
PROXY, ip_region    = TH
-----------------------
PROXY, ip_address   = 118.172.176.61
PROXY, ip_port      = 44842
PROXY, anonymity    = elite proxy
PROXY, ip_country   = Thailand
PROXY, ip_region    = TH
-----------------------
PROXY, ip_address   = 1.20.96.118
PROXY, ip_port      = 55034
PROXY, anonymity    = elite proxy
PROXY, ip_country   = Thailand
PROXY, ip_region    = TH
-----------------------
PROXY, ip_address   = 111.118.138.127
PROXY, ip_port      = 55145
PROXY, anonymity    = elite proxy
PROXY, ip_country   = Cambodia
PROXY, ip_region    = KH
-----------------------
PROXY, ip_address   = 212.142.196.57
PROXY, ip_port      = 50430
PROXY, anonymity    = elite proxy
PROXY, ip_country   = Spain
PROXY, ip_region    = ES
-----------------------
PROXY, ip_address   = 46.201.249.7
PROXY, ip_port      = 52671
PROXY, anonymity    = elite proxy
PROXY, ip_country   = Ukraine
PROXY, ip_region    = UA
-----------------------
PROXY, ip_address   = 155.0.180.254
PROXY, ip_port      = 33257
PROXY, anonymity    = elite proxy
PROXY, ip_country   = Zambia
PROXY, ip_region    = ZM
-----------------------
PROXY, ip_address   = 107.190.148.202
PROXY, ip_port      = 58419
PROXY, anonymity    = elite proxy
PROXY, ip_country   = United States
PROXY, ip_region    = US
-----------------------
PROXY, ip_address   = 88.247.26.201
PROXY, ip_port      = 8080
PROXY, anonymity    = elite proxy
PROXY, ip_country   = Turkey
PROXY, ip_region    = TR
-----------------------
PROXY, ip_address   = 37.57.31.240
PROXY, ip_port      = 53374
PROXY, anonymity    = elite proxy
PROXY, ip_country   = Ukraine
PROXY, ip_region    = UA
-----------------------
PROXY, ip_address   = 1.179.188.169
PROXY, ip_port      = 37274
PROXY, anonymity    = elite proxy
PROXY, ip_country   = Thailand
PROXY, ip_region    = TH
-----------------------
PROXY, ip_address   = 54.38.183.107
PROXY, ip_port      = 3128
PROXY, anonymity    = elite proxy
PROXY, ip_country   = France
PROXY, ip_region    = FR
-----------------------
PROXY, ip_address   = 212.237.124.15
PROXY, ip_port      = 42093
PROXY, anonymity    = elite proxy
PROXY, ip_country   = Iraq
PROXY, ip_region    = IQ
-----------------------
PROXY, ip_address   = 178.128.31.153
PROXY, ip_port      = 8080
PROXY, anonymity    = elite proxy
PROXY, ip_country   = Singapore
PROXY, ip_region    = SG
-----------------------
PROXY, ip_address   = 194.126.180.150
PROXY, ip_port      = 53281
PROXY, anonymity    = elite proxy
PROXY, ip_country   = Ukraine
PROXY, ip_region    = UA
-----------------------
PROXY, ip_address   = 115.70.21.150
PROXY, ip_port      = 57611
PROXY, anonymity    = elite proxy
PROXY, ip_country   = Australia
PROXY, ip_region    = AU
-----------------------
PROXY, ip_address   = 103.76.188.52
PROXY, ip_port      = 34479
PROXY, anonymity    = elite proxy
PROXY, ip_country   = India
PROXY, ip_region    = IN
-----------------------
PROXY, ip_address   = 103.255.73.10
PROXY, ip_port      = 57267
PROXY, anonymity    = elite proxy
PROXY, ip_country   = India
PROXY, ip_region    = IN
-----------------------
PROXY, ip_address   = 182.52.90.69
PROXY, ip_port      = 56841
PROXY, anonymity    = elite proxy
PROXY, ip_country   = Thailand
PROXY, ip_region    = TH
-----------------------
PROXY, ip_address   = 118.175.93.79
PROXY, ip_port      = 60896
PROXY, anonymity    = elite proxy
PROXY, ip_country   = Thailand
PROXY, ip_region    = TH
-----------------------
PROXY, ip_address   = 1.179.184.158
PROXY, ip_port      = 38750
PROXY, anonymity    = elite proxy
PROXY, ip_country   = Thailand
PROXY, ip_region    = TH
-----------------------
PROXY, ip_address   = 1.10.189.100
PROXY, ip_port      = 45413
PROXY, anonymity    = elite proxy
PROXY, ip_country   = Thailand
PROXY, ip_region    = TH
-----------------------
PROXY, ip_address   = 177.136.33.21
PROXY, ip_port      = 3128
PROXY, anonymity    = elite proxy
PROXY, ip_country   = Brazil
PROXY, ip_region    = BR
-----------------------
PROXY, ip_address   = 125.26.99.186
PROXY, ip_port      = 30021
PROXY, anonymity    = elite proxy
PROXY, ip_country   = Thailand
PROXY, ip_region    = TH
-----------------------
PROXY, ip_address   = 128.199.229.57
PROXY, ip_port      = 3128
PROXY, anonymity    = elite proxy
PROXY, ip_country   = Singapore
PROXY, ip_region    = SG
> RandomProxy...
> SetProxy: 89.109.54.137:36469
Set ip address = 89.109.54.137
current_time in Taiwan = 2019-02-28 15:00:06.053866
> GetNBADataRequest...
---------------crawler_nba.GetNBADataRequest begins-------------------
starting_url = https://stats.nba.com/teams/boxscores
request_num = 0
ip address = 89.109.54.137
> Use Webdriver...
type of table = <class 'list'>
> GetNBAData...
---
columns = ['TEAM', 'MATCH UP', 'GAME DATE', None, 'W/L', 'MIN', 'PTS', 'FGM', 'FGA', 'FG%', '3PM', '3PA', '3P%', 'FTM', 'FTA', 'FT%', 'OREB', 'DREB', 'REB', 'AST', 'STL', 'BLK', 'TOV', 'PF', '+/-']
---
len(data_all_lines) = 1842
> Progress = 0.00%
> Progress = 0.05%
> Progress = 0.11%
> Progress = 0.16%
> Progress = 0.22%
> Progress = 0.27%
> Progress = 0.33%
> Progress = 0.38%
> Progress = 0.43%
> Progress = 0.49%
> Progress = 0.54%
> Progress = 0.60%
> Progress = 0.65%
> Progress = 0.71%
> Progress = 0.76%
> Progress = 0.81%
> Progress = 0.87%
> Progress = 0.92%
> Progress = 0.98%
> Progress = 1.03%
> Progress = 1.09%
> Progress = 1.14%
> Progress = 1.19%
> Progress = 1.25%
> Progress = 1.30%
> Progress = 1.36%
> Progress = 1.41%
> Progress = 1.47%
> Progress = 1.52%
> Progress = 1.57%
> Progress = 1.63%
> Progress = 1.68%
> Progress = 1.74%
> Progress = 1.79%
> Progress = 1.85%
> Progress = 1.90%
> Progress = 1.95%
> Progress = 2.01%
> Progress = 2.06%
> Progress = 2.12%
> Progress = 2.17%
> Progress = 2.23%
> Progress = 2.28%
> Progress = 2.33%
> Progress = 2.39%
> Progress = 2.44%
> Progress = 2.50%
> Progress = 2.55%
> Progress = 2.61%
> Progress = 2.66%
> Progress = 2.71%
> Progress = 2.77%
> Progress = 2.82%
> Progress = 2.88%
> Progress = 2.93%
> Progress = 2.99%
> Progress = 3.04%
> Progress = 3.09%
> Progress = 3.15%
> Progress = 3.20%
> Progress = 3.26%
> Progress = 3.31%
> Progress = 3.37%
> Progress = 3.42%
> Progress = 3.47%
> Progress = 3.53%
> Progress = 3.58%
> Progress = 3.64%
> Progress = 3.69%
> Progress = 3.75%
> Progress = 3.80%
> Progress = 3.85%
> Progress = 3.91%
> Progress = 3.96%
> Progress = 4.02%
> Progress = 4.07%
> Progress = 4.13%
> Progress = 4.18%
> Progress = 4.23%
> Progress = 4.29%
> Progress = 4.34%
> Progress = 4.40%
> Progress = 4.45%
> Progress = 4.51%
> Progress = 4.56%
> Progress = 4.61%
> Progress = 4.67%
> Progress = 4.72%
> Progress = 4.78%
> Progress = 4.83%
> Progress = 4.89%
> Progress = 4.94%
> Progress = 4.99%
> Progress = 5.05%
> Progress = 5.10%
> Progress = 5.16%
> Progress = 5.21%
> Progress = 5.27%
> Progress = 5.32%
> Progress = 5.37%
Traceback (most recent call last):
  File "/home/coslate/NBA_Win_Predictor/crawler/crawler_nba_main.py", line 161, in <module>
    main()
  File "/home/coslate/NBA_Win_Predictor/crawler/crawler_nba_main.py", line 44, in main
    (all_data_loop, columns, browser, all_data_item_href) = crawler_nba.GetNBADataRequest(starting_url, thresh_change_proxy, thresh_change_proxy_list, season, scrape_all_season)
  File "/home/coslate/NBA_Win_Predictor/crawler/package_crawler_nba/crawler_nba.py", line 259, in GetNBADataRequest
    columns = GetNBAData(table, all_data_loop, all_data_item_href, browser)
  File "/home/coslate/NBA_Win_Predictor/crawler/package_crawler_nba/crawler_nba.py", line 297, in GetNBAData
    data_revised_line = [x.text if(x.text != '') else None for x in data_item]
  File "/home/coslate/NBA_Win_Predictor/crawler/package_crawler_nba/crawler_nba.py", line 297, in <listcomp>
    data_revised_line = [x.text if(x.text != '') else None for x in data_item]
  File "/usr/local/lib/python3.6/dist-packages/selenium/webdriver/remote/webelement.py", line 76, in text
    return self._execute(Command.GET_ELEMENT_TEXT)['value']
  File "/usr/local/lib/python3.6/dist-packages/selenium/webdriver/remote/webelement.py", line 633, in _execute
    return self._parent.execute(command, params)
  File "/usr/local/lib/python3.6/dist-packages/selenium/webdriver/remote/webdriver.py", line 321, in execute
    self.error_handler.check_response(response)
  File "/usr/local/lib/python3.6/dist-packages/selenium/webdriver/remote/errorhandler.py", line 242, in check_response
    raise exception_class(message, screen, stacktrace)
selenium.common.exceptions.NoSuchWindowException: Message: no such window: target window already closed
from unknown error: web view not found
  (Session info: chrome=72.0.3626.119)
  (Driver info: chromedriver=2.46.628388 (4a34a70827ac54148e092aafb70504c4ea7ae926),platform=Linux 4.15.0-20-generic x86_64)

